<?xml version="1.0" encoding="UTF-8"?>
<!-- Generated by org.testng.reporters.JUnitReportReporter -->
<testsuite hostname="Rupankar-PC-2001" failures="0" tests="10" name="Test.TravelInsuranceTest" time="14.011" errors="0" timestamp="2023-07-18T17:22:55 IST" skipped="0">
  <testcase classname="Test.TravelInsuranceTest" name="people_and_age" time="1.087"/>
  <testcase classname="Test.TravelInsuranceTest" name="duration" time="0.363"/>
  <testcase classname="Test.TravelInsuranceTest" name="mobileNo" time="0.252"/>
  <testcase classname="Test.TravelInsuranceTest" name="display_3_lowest_plans" time="1.197"/>
  <testcase classname="Test.TravelInsuranceTest" name="checkInOut_Date" time="1.215"/>
  <testcase classname="Test.TravelInsuranceTest" name="country_selection" time="3.075"/>
  <testcase classname="Test.TravelInsuranceTest" name="disease" time="1.270"/>
  <testcase classname="Test.TravelInsuranceTest" name="sort_low_to_high" time="1.297"/>
  <testcase classname="Test.TravelInsuranceTest" name="age_of_students" time="4.103"/>
  <testcase classname="Test.TravelInsuranceTest" name="travel_insurance_button" time="0.152"/>
</testsuite> <!-- Test.TravelInsuranceTest -->
