<?xml version="1.0" encoding="UTF-8"?>
<!-- Generated by org.testng.reporters.JUnitReportReporter -->
<testsuite hostname="Rupankar-PC-2001" failures="0" tests="8" name="Test.VehicleInsuranceTest" time="4.915" errors="0" timestamp="2023-07-18T17:22:55 IST" skipped="0">
  <testcase classname="Test.VehicleInsuranceTest" name="hover_select" time="1.884"/>
  <testcase classname="Test.VehicleInsuranceTest" name="proceed_without_no" time="0.183"/>
  <testcase classname="Test.VehicleInsuranceTest" name="city_region" time="1.344"/>
  <testcase classname="Test.VehicleInsuranceTest" name="brand_model" time="0.587"/>
  <testcase classname="Test.VehicleInsuranceTest" name="fuel_type_variant" time="0.322"/>
  <testcase classname="Test.VehicleInsuranceTest" name="reg_year" time="0.093"/>
  <testcase classname="Test.VehicleInsuranceTest" name="invalidDetails" time="0.411"/>
  <testcase classname="Test.VehicleInsuranceTest" name="invalidDetails_message_capture" time="0.091"/>
</testsuite> <!-- Test.VehicleInsuranceTest -->
