<?xml version="1.0" encoding="UTF-8"?>
<!-- Generated by org.testng.reporters.JUnitReportReporter -->
<testsuite hostname="Rupankar-PC-2001" failures="0" tests="2" name="Test.HealthInsuranceTest" time="0.893" errors="0" timestamp="2023-07-18T17:22:55 IST" skipped="0">
  <testcase classname="Test.HealthInsuranceTest" name="extract_HealthInsurance_menu_items" time="0.617"/>
  <testcase classname="Test.HealthInsuranceTest" name="hover_on_insuranceProducts_dropdown" time="0.276"/>
</testsuite> <!-- Test.HealthInsuranceTest -->
